<?xml version="1.0" encoding="UTF-8"?>
<!-- Generated by org.testng.reporters.JUnitReportReporter -->
<testsuite skipped="0" hostname="DE9S1XMF2" name="qumu.RunnerTest" tests="2" failures="0" timestamp="2022-03-30T14:25:57 BST" time="0.149" errors="0">
  <testcase name="feature" time="0.000" classname="qumu.RunnerTest"/>
  <testcase name="feature" time="0.149" classname="qumu.RunnerTest"/>
</testsuite> <!-- qumu.RunnerTest -->
